Get items 18:43:50
Get items 18:43:56
Set temperature 21:13:58
Set temperature 21:14:4
Get items 21:15:42
Get items 21:15:49
Remove item 21:19:19
Remove item 21:19:24
Remove item 21:19:27
Remove item 21:19:28
Get items 21:19:41
Remove item 21:22:44
Remove item 21:22:45
Get items 21:22:51
Remove item 21:22:54
Remove item 21:22:54
Remove item 21:22:55
Remove item 21:22:55
Remove item 21:22:56
Remove item 21:22:56
Remove item 21:22:57
Get specific item 21:23:41
Get specific item 21:23:42
Get specific item 21:23:48
Get specific item 21:23:49
Get specific item 21:23:56
Get specific item 21:23:56
Set temperature 12:5:48
Set temperature 12:5:52
Set temperature 12:5:58
Get temperature 12:6:6
Get items 12:6:22
Add item 12:6:53
Get items 12:6:57
Get specific item 12:7:25
Remove item 12:7:55
Remove item 12:7:59
Remove item 12:8:22
Get items 12:8:26
Get calories for specific product 12:10:1
Get expired items 12:10:39
Get specific item 12:10:53
Set temperature 12:12:45
Set temperature 12:12:50
